<?xml version="1.0" encoding="UTF-8"?>
<!-- Generated by org.testng.reporters.JUnitReportReporter -->
<testsuite hostname="DESKTOP-EDNEOU1" failures="0" tests="1" name="configRead.Readdata" time="4.644" errors="0" timestamp="2022-04-27T14:59:27 IST" skipped="0">
  <testcase classname="configRead.Readdata" name="readdata" time="4.644"/>
  <system-out/>
</testsuite> <!-- configRead.Readdata -->
